mode: set
goodjobs/business/users/usecase.go:19.109,25.2 1 1
goodjobs/business/users/usecase.go:27.94,28.24 1 1
goodjobs/business/users/usecase.go:31.2,31.27 1 1
goodjobs/business/users/usecase.go:35.2,36.16 2 1
goodjobs/business/users/usecase.go:40.2,40.18 1 1
goodjobs/business/users/usecase.go:28.24,30.3 1 1
goodjobs/business/users/usecase.go:31.27,33.3 1 1
goodjobs/business/users/usecase.go:36.16,38.3 1 0
goodjobs/business/users/usecase.go:43.114,44.17 1 1
goodjobs/business/users/usecase.go:47.2,47.20 1 1
goodjobs/business/users/usecase.go:51.2,52.16 2 1
goodjobs/business/users/usecase.go:55.2,56.21 2 1
goodjobs/business/users/usecase.go:59.2,59.17 1 1
goodjobs/business/users/usecase.go:62.2,62.25 1 1
goodjobs/business/users/usecase.go:44.17,46.3 1 1
goodjobs/business/users/usecase.go:47.20,50.3 1 1
goodjobs/business/users/usecase.go:52.16,54.3 1 0
goodjobs/business/users/usecase.go:56.21,58.3 1 0
goodjobs/business/users/usecase.go:59.17,61.3 1 0
goodjobs/business/users/usecase.go:65.82,67.16 2 1
goodjobs/business/users/usecase.go:70.2,70.13 1 1
goodjobs/business/users/usecase.go:73.2,73.18 1 1
goodjobs/business/users/usecase.go:67.16,69.3 1 0
goodjobs/business/users/usecase.go:70.13,72.3 1 1
goodjobs/business/users/usecase.go:76.79,78.16 2 1
goodjobs/business/users/usecase.go:81.2,81.18 1 1
goodjobs/business/users/usecase.go:78.16,80.3 1 1
goodjobs/business/users/usecase.go:84.104,87.16 3 1
goodjobs/business/users/usecase.go:90.2,90.18 1 1
goodjobs/business/users/usecase.go:87.16,89.3 1 1
goodjobs/business/users/usecase.go:94.79,96.16 2 1
goodjobs/business/users/usecase.go:99.2,99.12 1 1
goodjobs/business/users/usecase.go:96.16,98.3 1 1
